Сборка начата 26.04.2015 17:31:57.
     1>Проект "C:\My Documents\Visual Studio 2010\Projects\TIMP Tree\TIMP Tree\TIMP Tree.vcxproj" в узле 2 (целевые объекты build).
     1>InitializeBuildStatus:
         Создание "Debug\TIMP Tree.unsuccessfulbuild", так как было задано "AlwaysCreate".
       ClCompile:
         C:\Program Files (x86)\Microsoft Visual Studio 10.0\VC\bin\CL.exe /c /ZI /nologo /W3 /WX- /Od /Oy- /D WIN32 /D _DEBUG /D _CONSOLE /D _UNICODE /D UNICODE /Gm /EHsc /RTC1 /MDd /GS /fp:precise /Zc:wchar_t /Zc:forScope /Fo"Debug\\" /Fd"Debug\vc100.pdb" /Gd /TP /analyze- /errorReport:prompt 121.cpp
         121.cpp
       ManifestResourceCompile:
         Для всех выходных данных обновления не требуется.
       Link:
         C:\Program Files (x86)\Microsoft Visual Studio 10.0\VC\bin\link.exe /ERRORREPORT:PROMPT /OUT:"C:\My Documents\Visual Studio 2010\Projects\TIMP Tree\Debug\TIMP Tree.exe" /INCREMENTAL /NOLOGO kernel32.lib user32.lib gdi32.lib winspool.lib comdlg32.lib advapi32.lib shell32.lib ole32.lib oleaut32.lib uuid.lib odbc32.lib odbccp32.lib /MANIFEST /ManifestFile:"Debug\TIMP Tree.exe.intermediate.manifest" /MANIFESTUAC:"level='asInvoker' uiAccess='false'" /DEBUG /PDB:"C:\My Documents\Visual Studio 2010\Projects\TIMP Tree\Debug\TIMP Tree.pdb" /SUBSYSTEM:CONSOLE /TLBID:1 /DYNAMICBASE /NXCOMPAT /IMPLIB:"C:\My Documents\Visual Studio 2010\Projects\TIMP Tree\Debug\TIMP Tree.lib" /MACHINE:X86 "Debug\TIMP Tree.exe.embed.manifest.res"
         Debug\121.obj
       Manifest:
         c:\Program Files (x86)\Microsoft SDKs\Windows\v7.0A\bin\mt.exe /nologo /verbose /out:"Debug\TIMP Tree.exe.embed.manifest" /manifest "Debug\TIMP Tree.exe.intermediate.manifest"
         Для всех выходных данных обновления не требуется.
       LinkEmbedManifest:
         Для всех выходных данных обновления не требуется.
         TIMP Tree.vcxproj -> C:\My Documents\Visual Studio 2010\Projects\TIMP Tree\Debug\TIMP Tree.exe
       FinalizeBuildStatus:
         Файл "Debug\TIMP Tree.unsuccessfulbuild" удаляется.
         Обращение к "Debug\TIMP Tree.lastbuildstate".
     1>Построение проекта "C:\My Documents\Visual Studio 2010\Projects\TIMP Tree\TIMP Tree\TIMP Tree.vcxproj" завершено (целевые объекты build).

Построение успешно завершено.

Затраченное время: 00:00:00.58
